c:\ws-vs\museu_multitematico\server_module\x64\debug\vc143.pdb
c:\ws-vs\museu_multitematico\server_module\x64\debug\vc143.idb
c:\ws-vs\museu_multitematico\server_module\x64\debug\server.obj
c:\ws-vs\museu_multitematico\server_module\x64\debug\reportgen.obj
c:\ws-vs\museu_multitematico\server_module\x64\debug\paymentprocess.obj
c:\ws-vs\museu_multitematico\server_module\x64\debug\main.obj
c:\ws-vs\museu_multitematico\server_module\x64\debug\gateprocess.obj
c:\ws-vs\museu_multitematico\server_module\x64\debug\fileprocess.obj
c:\ws-vs\museu_multitematico\server_module\x64\debug\eventlog.obj
c:\ws-vs\museu_multitematico\server_module\x64\debug\entryterminalhandler.obj
c:\ws-vs\museu_multitematico\server_module\x64\debug\entryprocess.obj
c:\ws-vs\museu_multitematico\server_module\x64\debug\artprocess.obj
c:\ws-vs\museu_multitematico\server_module\x64\debug\server_module.ilk
c:\ws-vs\museu_multitematico\server_module\server_module.exe
c:\ws-vs\museu_multitematico\server_module\server_module.pdb
c:\ws-vs\museu_multitematico\server_module\x64\debug\.\server_module.ilk
c:\ws-vs\museu_multitematico\server_module\x64\debug\server_module.tlog\cl.command.1.tlog
c:\ws-vs\museu_multitematico\server_module\x64\debug\server_module.tlog\cl.items.tlog
c:\ws-vs\museu_multitematico\server_module\x64\debug\server_module.tlog\cl.read.1.tlog
c:\ws-vs\museu_multitematico\server_module\x64\debug\server_module.tlog\cl.write.1.tlog
c:\ws-vs\museu_multitematico\server_module\x64\debug\server_module.tlog\link.command.1.tlog
c:\ws-vs\museu_multitematico\server_module\x64\debug\server_module.tlog\link.read.1.tlog
c:\ws-vs\museu_multitematico\server_module\x64\debug\server_module.tlog\link.write.1.tlog
